<?xml version="1.0" encoding="UTF-8"?>
<testng-results ignored="0" total="1" passed="1" failed="0" skipped="0">
  <reporter-output>
  </reporter-output>
  <suite started-at="2024-07-31T15:46:36 CEST" name="Surefire suite" finished-at="2024-07-31T15:46:36 CEST" duration-ms="49">
    <groups>
    </groups>
    <test started-at="2024-07-31T15:46:36 CEST" name="Surefire test" finished-at="2024-07-31T15:46:36 CEST" duration-ms="49">
      <class name="jar.AppTest">
        <test-method signature="shouldAnswerWithTrue()" started-at="2024-07-31T15:46:36 CEST" name="shouldAnswerWithTrue" finished-at="2024-07-31T15:46:36 CEST" duration-ms="7" status="PASS">
          <reporter-output>
          </reporter-output>
        </test-method> <!-- shouldAnswerWithTrue -->
      </class> <!-- jar.AppTest -->
    </test> <!-- Surefire test -->
  </suite> <!-- Surefire suite -->
</testng-results>
